<?xml version="1.0" encoding="UTF-8"?>
<testsuite xmlns:xsi="http://www.w3.org/2001/XMLSchema-instance" xsi:noNamespaceSchemaLocation="https://maven.apache.org/surefire/maven-surefire-plugin/xsd/surefire-test-report.xsd" name="com.github.vitalliuss.helloci.AppTest" time="0.08" tests="5" errors="0" skipped="1" failures="1">
  <properties>
    <property name="java.specification.version" value="19"/>
    <property name="sun.cpu.isalist" value="amd64"/>
    <property name="sun.jnu.encoding" value="Cp1251"/>
    <property name="java.class.path" value="c:\Users\babyjuliii\maven-demo\target\test-classes;c:\Users\babyjuliii\maven-demo\target\classes;C:\Users\babyjuliii\.m2\repository\org\typelevel\junit\2.11.7\junit-2.11.7.jar;C:\Users\babyjuliii\.m2\repository\org\typelevel\scala-library\2.11.7\scala-library-2.11.7.jar;C:\Users\babyjuliii\.m2\repository\org\typelevel\scala-reflect\2.11.7\scala-reflect-2.11.7.jar;C:\Users\babyjuliii\.m2\repository\org\typelevel\scala-compiler\2.11.7\scala-compiler-2.11.7.jar;C:\Users\babyjuliii\.m2\repository\org\scala-lang\modules\scala-xml_2.11\1.0.4\scala-xml_2.11-1.0.4.jar;C:\Users\babyjuliii\.m2\repository\org\scala-lang\scala-library\2.11.4\scala-library-2.11.4.jar;C:\Users\babyjuliii\.m2\repository\org\scala-lang\modules\scala-parser-combinators_2.11\1.0.4\scala-parser-combinators_2.11-1.0.4.jar;C:\Users\babyjuliii\.m2\repository\org\typelevel\partest-extras\2.11.7\partest-extras-2.11.7.jar;C:\Users\babyjuliii\.m2\repository\org\typelevel\repl\2.11.7\repl-2.11.7.jar;C:\Users\babyjuliii\.m2\repository\jline\jline\2.12.1\jline-2.12.1.jar;C:\Users\babyjuliii\.m2\repository\org\scala-lang\modules\scala-partest_2.11\1.0.9\scala-partest_2.11-1.0.9.jar;C:\Users\babyjuliii\.m2\repository\com\googlecode\java-diff-utils\diffutils\1.3.0\diffutils-1.3.0.jar;C:\Users\babyjuliii\.m2\repository\org\scala-sbt\test-interface\1.0\test-interface-1.0.jar;C:\Users\babyjuliii\.m2\repository\org\typelevel\scaladoc\2.11.7\scaladoc-2.11.7.jar;C:\Users\babyjuliii\.m2\repository\junit\junit\4.11\junit-4.11.jar;C:\Users\babyjuliii\.m2\repository\org\hamcrest\hamcrest-core\1.3\hamcrest-core-1.3.jar;"/>
    <property name="java.vm.vendor" value="Oracle Corporation"/>
    <property name="sun.arch.data.model" value="64"/>
    <property name="user.variant" value=""/>
    <property name="java.vendor.url" value="https://java.oracle.com/"/>
    <property name="user.timezone" value="Europe/Moscow"/>
    <property name="os.name" value="Windows 10"/>
    <property name="java.vm.specification.version" value="19"/>
    <property name="sun.java.launcher" value="SUN_STANDARD"/>
    <property name="user.country" value="RU"/>
    <property name="sun.boot.library.path" value="C:\Program Files\Java\jdk-19\bin"/>
    <property name="sun.java.command" value="C:\Users\BABYJU~1\AppData\Local\Temp\surefire15194280584985512089\surefirebooter17524257395042958155.jar C:\Users\babyjuliii\AppData\Local\Temp\surefire15194280584985512089 2023-10-26T00-57-55_474-jvmRun1 surefire11487383038700089731tmp surefire_02032658359545650782tmp"/>
    <property name="jdk.debug" value="release"/>
    <property name="surefire.test.class.path" value="c:\Users\babyjuliii\maven-demo\target\test-classes;c:\Users\babyjuliii\maven-demo\target\classes;C:\Users\babyjuliii\.m2\repository\org\typelevel\junit\2.11.7\junit-2.11.7.jar;C:\Users\babyjuliii\.m2\repository\org\typelevel\scala-library\2.11.7\scala-library-2.11.7.jar;C:\Users\babyjuliii\.m2\repository\org\typelevel\scala-reflect\2.11.7\scala-reflect-2.11.7.jar;C:\Users\babyjuliii\.m2\repository\org\typelevel\scala-compiler\2.11.7\scala-compiler-2.11.7.jar;C:\Users\babyjuliii\.m2\repository\org\scala-lang\modules\scala-xml_2.11\1.0.4\scala-xml_2.11-1.0.4.jar;C:\Users\babyjuliii\.m2\repository\org\scala-lang\scala-library\2.11.4\scala-library-2.11.4.jar;C:\Users\babyjuliii\.m2\repository\org\scala-lang\modules\scala-parser-combinators_2.11\1.0.4\scala-parser-combinators_2.11-1.0.4.jar;C:\Users\babyjuliii\.m2\repository\org\typelevel\partest-extras\2.11.7\partest-extras-2.11.7.jar;C:\Users\babyjuliii\.m2\repository\org\typelevel\repl\2.11.7\repl-2.11.7.jar;C:\Users\babyjuliii\.m2\repository\jline\jline\2.12.1\jline-2.12.1.jar;C:\Users\babyjuliii\.m2\repository\org\scala-lang\modules\scala-partest_2.11\1.0.9\scala-partest_2.11-1.0.9.jar;C:\Users\babyjuliii\.m2\repository\com\googlecode\java-diff-utils\diffutils\1.3.0\diffutils-1.3.0.jar;C:\Users\babyjuliii\.m2\repository\org\scala-sbt\test-interface\1.0\test-interface-1.0.jar;C:\Users\babyjuliii\.m2\repository\org\typelevel\scaladoc\2.11.7\scaladoc-2.11.7.jar;C:\Users\babyjuliii\.m2\repository\junit\junit\4.11\junit-4.11.jar;C:\Users\babyjuliii\.m2\repository\org\hamcrest\hamcrest-core\1.3\hamcrest-core-1.3.jar;"/>
    <property name="sun.cpu.endian" value="little"/>
    <property name="user.home" value="C:\Users\babyjuliii"/>
    <property name="user.language" value="ru"/>
    <property name="java.specification.vendor" value="Oracle Corporation"/>
    <property name="java.version.date" value="2022-10-18"/>
    <property name="java.home" value="C:\Program Files\Java\jdk-19"/>
    <property name="file.separator" value="\"/>
    <property name="basedir" value="c:\Users\babyjuliii\maven-demo"/>
    <property name="java.vm.compressedOopsMode" value="32-bit"/>
    <property name="line.separator" value="&#10;"/>
    <property name="java.vm.specification.vendor" value="Oracle Corporation"/>
    <property name="java.specification.name" value="Java Platform API Specification"/>
    <property name="surefire.real.class.path" value="C:\Users\BABYJU~1\AppData\Local\Temp\surefire15194280584985512089\surefirebooter17524257395042958155.jar"/>
    <property name="user.script" value=""/>
    <property name="sun.management.compiler" value="HotSpot 64-Bit Tiered Compilers"/>
    <property name="java.runtime.version" value="19.0.1+10-21"/>
    <property name="user.name" value="babyjuliii"/>
    <property name="stdout.encoding" value="Cp1251"/>
    <property name="path.separator" value=";"/>
    <property name="os.version" value="10.0"/>
    <property name="java.runtime.name" value="Java(TM) SE Runtime Environment"/>
    <property name="file.encoding" value="UTF-8"/>
    <property name="java.vm.name" value="Java HotSpot(TM) 64-Bit Server VM"/>
    <property name="localRepository" value="C:\Users\babyjuliii\.m2\repository"/>
    <property name="java.vendor.url.bug" value="https://bugreport.java.com/bugreport/"/>
    <property name="java.io.tmpdir" value="C:\Users\BABYJU~1\AppData\Local\Temp\"/>
    <property name="java.version" value="19.0.1"/>
    <property name="user.dir" value="c:\Users\babyjuliii\maven-demo"/>
    <property name="os.arch" value="amd64"/>
    <property name="java.vm.specification.name" value="Java Virtual Machine Specification"/>
    <property name="sun.os.patch.level" value=""/>
    <property name="native.encoding" value="Cp1251"/>
    <property name="java.library.path" value="C:\Program Files\Java\jdk-19\bin;C:\Windows\Sun\Java\bin;C:\Windows\system32;C:\Windows;C:\Program Files\Common Files\Oracle\Java\javapath;C:\Windows\system32;C:\Windows;C:\Windows\System32\Wbem;C:\Windows\System32\WindowsPowerShell\v1.0\;C:\Windows\System32\OpenSSH\;C:\Program Files\Git\cmd;C:\apache-maven-3.9.5\bin;C:\Users\babyjuliii\AppData\Local\Programs\Python\Python311\Scripts\;C:\Users\babyjuliii\AppData\Local\Programs\Python\Python311\;C:\Users\babyjuliii\AppData\Local\Microsoft\WindowsApps;C:\Users\babyjuliii\AppData\Local\Programs\Microsoft VS Code\bin;."/>
    <property name="java.vm.info" value="mixed mode, sharing"/>
    <property name="stderr.encoding" value="Cp1251"/>
    <property name="java.vendor" value="Oracle Corporation"/>
    <property name="java.vm.version" value="19.0.1+10-21"/>
    <property name="sun.io.unicode.encoding" value="UnicodeLittle"/>
    <property name="java.class.version" value="63.0"/>
  </properties>
  <testcase name="testShouldBeFailed" classname="com.github.vitalliuss.helloci.AppTest" time="0.015">
    <failure type="java.lang.AssertionError">java.lang.AssertionError
	at com.github.vitalliuss.helloci.AppTest.testShouldBeFailed(AppTest.java:21)
</failure>
  </testcase>
  <testcase name="testShouldBePassed" classname="com.github.vitalliuss.helloci.AppTest" time="0"/>
  <testcase name="testAnotherMethod" classname="com.github.vitalliuss.helloci.AppTest" time="0"/>
  <testcase name="testAnotherClass" classname="com.github.vitalliuss.helloci.AppTest" time="0.001"/>
  <testcase name="testShouldBeSKipped" classname="com.github.vitalliuss.helloci.AppTest" time="0">
    <skipped message="Not implemented yet"/>
  </testcase>
</testsuite>